POSitive_Eating/app/build/outputs/logs/manifest-merger-debug-report.txt
-- Merging decision tree log ---
manifest
ADDED from src/main/AndroidManifest.xml:2:1-46:12
	package
		ADDED from src/main/AndroidManifest.xml:3:5-47
		INJECTED from src/main/AndroidManifest.xml
		INJECTED from src/main/AndroidManifest.xml
	android:versionName
		INJECTED from src/main/AndroidManifest.xml
		INJECTED from src/main/AndroidManifest.xml
	xmlns:android
		ADDED from src/main/AndroidManifest.xml:2:11-69
	android:versionCode
		INJECTED from src/main/AndroidManifest.xml
		INJECTED from src/main/AndroidManifest.xml
uses-permission#android.permission.INTERNET
ADDED from src/main/AndroidManifest.xml:5:5-67
	android:name
		ADDED from src/main/AndroidManifest.xml:5:22-64
application
ADDED from src/main/AndroidManifest.xml:7:5-44:19
MERGED from [:shaneconnect-release1:] AndroidManifest.xml:11:5-15:19
MERGED from [com.android.volley:volley:1.0.0] AndroidManifest.xml:9:5-20
MERGED from [com.android.support:design:23.4.0] AndroidManifest.xml:22:5-20
MERGED from [com.android.support:appcompat-v7:23.4.0] AndroidManifest.xml:25:5-20
MERGED from [com.android.support:animated-vector-drawable:23.4.0] AndroidManifest.xml:7:5-20
MERGED from [com.android.support:support-vector-drawable:23.4.0] AndroidManifest.xml:7:5-20
MERGED from [com.android.support:support-v4:23.4.0] AndroidManifest.xml:22:5-20
	android:label
		ADDED from src/main/AndroidManifest.xml:10:9-41
	android:supportsRtl
		ADDED from src/main/AndroidManifest.xml:11:9-35
	android:allowBackup
		ADDED from src/main/AndroidManifest.xml:8:9-35
	android:icon
		ADDED from src/main/AndroidManifest.xml:9:9-43
	android:theme
		ADDED from src/main/AndroidManifest.xml:12:9-40
activity#com.example.alec.positive_eating.LoginWindow
ADDED from src/main/AndroidManifest.xml:13:9-21:20
	android:screenOrientation
		ADDED from src/main/AndroidManifest.xml:15:13-49
	android:name
		ADDED from src/main/AndroidManifest.xml:14:13-40
intent-filter#android.intent.action.MAIN+android.intent.category.LAUNCHER
ADDED from src/main/AndroidManifest.xml:16:13-20:29
action#android.intent.action.MAIN
ADDED from src/main/AndroidManifest.xml:17:17-69
	android:name
		ADDED from src/main/AndroidManifest.xml:17:25-66
category#android.intent.category.LAUNCHER
ADDED from src/main/AndroidManifest.xml:19:17-77
	android:name
		ADDED from src/main/AndroidManifest.xml:19:27-74
activity#com.example.alec.positive_eating.MainScreen
ADDED from src/main/AndroidManifest.xml:22:9-48
	android:name
		ADDED from src/main/AndroidManifest.xml:22:19-45
activity#com.example.alec.positive_eating.OrderStatus
ADDED from src/main/AndroidManifest.xml:23:9-49
	android:name
		ADDED from src/main/AndroidManifest.xml:23:19-46
activity#com.example.alec.positive_eating.Menu
ADDED from src/main/AndroidManifest.xml:24:9-42
	android:name
		ADDED from src/main/AndroidManifest.xml:24:19-39
activity#com.example.alec.positive_eating.Seating
ADDED from src/main/AndroidManifest.xml:25:9-45
	android:name
		ADDED from src/main/AndroidManifest.xml:25:19-42
activity#com.example.alec.positive_eating.Schedule
ADDED from src/main/AndroidManifest.xml:26:9-46
	android:name
		ADDED from src/main/AndroidManifest.xml:26:19-43
activity#com.example.alec.positive_eating.EditStaff
ADDED from src/main/AndroidManifest.xml:27:9-47
	android:name
		ADDED from src/main/AndroidManifest.xml:27:19-44
activity#com.example.alec.positive_eating.Payroll
ADDED from src/main/AndroidManifest.xml:28:9-45
	android:name
		ADDED from src/main/AndroidManifest.xml:28:19-42
activity#com.example.alec.positive_eating.add_employee
ADDED from src/main/AndroidManifest.xml:29:9-50
	android:name
		ADDED from src/main/AndroidManifest.xml:29:19-47
activity#com.example.alec.positive_eating.Clocking_in
ADDED from src/main/AndroidManifest.xml:30:9-49
	android:name
		ADDED from src/main/AndroidManifest.xml:30:19-46
service#com.example.alec.positive_eating.ShaneConnectService
ADDED from src/main/AndroidManifest.xml:32:9-35:40
	android:enabled
		ADDED from src/main/AndroidManifest.xml:34:13-35
	android:exported
		ADDED from src/main/AndroidManifest.xml:35:13-37
	android:name
		ADDED from src/main/AndroidManifest.xml:33:13-48
activity#com.example.alec.positive_eating.order_menu
ADDED from src/main/AndroidManifest.xml:37:9-40:59
	android:label
		ADDED from src/main/AndroidManifest.xml:39:13-62
	android:theme
		ADDED from src/main/AndroidManifest.xml:40:13-56
	android:name
		ADDED from src/main/AndroidManifest.xml:38:13-39
activity#com.example.alec.positive_eating.tableMap
ADDED from src/main/AndroidManifest.xml:41:9-46
	android:name
		ADDED from src/main/AndroidManifest.xml:41:19-43
activity#com.example.alec.positive_eating.viewTableMap
ADDED from src/main/AndroidManifest.xml:42:9-50
	android:name
		ADDED from src/main/AndroidManifest.xml:42:19-47
activity#com.example.alec.positive_eating.Edit_menu
ADDED from src/main/AndroidManifest.xml:43:9-56
	android:name
		ADDED from src/main/AndroidManifest.xml:43:19-44
uses-sdk
INJECTED from src/main/AndroidManifest.xml reason: use-sdk injection requested
MERGED from [:shaneconnect-release1:] AndroidManifest.xml:7:5-9:41
MERGED from [com.android.volley:volley:1.0.0] AndroidManifest.xml:7:5-43
MERGED from [com.android.support:design:23.4.0] AndroidManifest.xml:20:5-43
MERGED from [com.android.support:recyclerview-v7:23.4.0] AndroidManifest.xml:20:5-43
MERGED from [com.android.support:appcompat-v7:23.4.0] AndroidManifest.xml:21:5-23:78
MERGED from [com.android.support:animated-vector-drawable:23.4.0] AndroidManifest.xml:5:5-44
MERGED from [com.android.support:support-vector-drawable:23.4.0] AndroidManifest.xml:5:5-43
MERGED from [com.android.support:support-v4:23.4.0] AndroidManifest.xml:20:5-43
	tools:overrideLibrary
		ADDED from [com.android.support:appcompat-v7:23.4.0] AndroidManifest.xml:23:9-75
	android:targetSdkVersion
		INJECTED from src/main/AndroidManifest.xml
		INJECTED from src/main/AndroidManifest.xml
	android:minSdkVersion
		INJECTED from src/main/AndroidManifest.xml
		INJECTED from src/main/AndroidManifest.xml